<?xml version="1.0" encoding="UTF-8"?>
<testng-results skipped="0" failed="0" total="18" passed="18">
  <reporter-output>
  </reporter-output>
  <suite name="Suite" duration-ms="538420" started-at="2019-08-06T05:11:30Z" finished-at="2019-08-06T05:20:28Z">
    <groups>
    </groups>
    <test name="test1" duration-ms="109295" started-at="2019-08-06T05:11:30Z" finished-at="2019-08-06T05:13:19Z">
      <class name="com.atmecs.qa.testscripts.TestServicePage">
        <test-method status="PASS" signature="preSetup()[pri:0, instance:com.atmecs.qa.testscripts.TestServicePage@2ef9b8bc]" name="preSetup" is-config="true" duration-ms="15382" started-at="2019-08-06T10:41:30Z" finished-at="2019-08-06T10:41:45Z">
          <reporter-output>
          </reporter-output>
        </test-method> <!-- preSetup -->
        <test-method status="PASS" signature="testServicePageClick()[pri:0, instance:com.atmecs.qa.testscripts.TestServicePage@2ef9b8bc]" name="testServicePageClick" duration-ms="92797" started-at="2019-08-06T10:41:45Z" finished-at="2019-08-06T10:43:18Z">
          <reporter-output>
          </reporter-output>
        </test-method> <!-- testServicePageClick -->
        <test-method status="PASS" signature="tearDown()[pri:0, instance:com.atmecs.qa.testscripts.TestServicePage@2ef9b8bc]" name="tearDown" is-config="true" duration-ms="1090" started-at="2019-08-06T10:43:18Z" finished-at="2019-08-06T10:43:19Z">
          <reporter-output>
          </reporter-output>
        </test-method> <!-- tearDown -->
      </class> <!-- com.atmecs.qa.testscripts.TestServicePage -->
    </test> <!-- test1 -->
    <test name="test2" duration-ms="116228" started-at="2019-08-06T05:13:19Z" finished-at="2019-08-06T05:15:15Z">
      <class name="com.atmecs.qa.testscripts.TestDigitalLifePage">
        <test-method status="PASS" signature="preSetup()[pri:0, instance:com.atmecs.qa.testscripts.TestDigitalLifePage@3cbbc1e0]" name="preSetup" is-config="true" duration-ms="15866" started-at="2019-08-06T10:43:19Z" finished-at="2019-08-06T10:43:35Z">
          <reporter-output>
          </reporter-output>
        </test-method> <!-- preSetup -->
        <test-method status="PASS" signature="testDigitalLifePageClick()[pri:1, instance:com.atmecs.qa.testscripts.TestDigitalLifePage@3cbbc1e0]" name="testDigitalLifePageClick" duration-ms="39557" started-at="2019-08-06T10:43:35Z" finished-at="2019-08-06T10:44:14Z">
          <reporter-output>
          </reporter-output>
        </test-method> <!-- testDigitalLifePageClick -->
        <test-method status="PASS" signature="testArtificialIntelligencePageClick()[pri:2, instance:com.atmecs.qa.testscripts.TestDigitalLifePage@3cbbc1e0]" name="testArtificialIntelligencePageClick" duration-ms="11446" started-at="2019-08-06T10:44:14Z" finished-at="2019-08-06T10:44:26Z">
          <reporter-output>
          </reporter-output>
        </test-method> <!-- testArtificialIntelligencePageClick -->
        <test-method status="PASS" signature="testVirtualRealityPageClick()[pri:3, instance:com.atmecs.qa.testscripts.TestDigitalLifePage@3cbbc1e0]" name="testVirtualRealityPageClick" duration-ms="12713" started-at="2019-08-06T10:44:26Z" finished-at="2019-08-06T10:44:39Z">
          <reporter-output>
          </reporter-output>
        </test-method> <!-- testVirtualRealityPageClick -->
        <test-method status="PASS" signature="testBlockchainPageClick()[pri:4, instance:com.atmecs.qa.testscripts.TestDigitalLifePage@3cbbc1e0]" name="testBlockchainPageClick" duration-ms="11805" started-at="2019-08-06T10:44:39Z" finished-at="2019-08-06T10:44:50Z">
          <reporter-output>
          </reporter-output>
        </test-method> <!-- testBlockchainPageClick -->
        <test-method status="PASS" signature="testRoboticPageClick()[pri:5, instance:com.atmecs.qa.testscripts.TestDigitalLifePage@3cbbc1e0]" name="testRoboticPageClick" duration-ms="12526" started-at="2019-08-06T10:44:50Z" finished-at="2019-08-06T10:45:03Z">
          <reporter-output>
          </reporter-output>
        </test-method> <!-- testRoboticPageClick -->
        <test-method status="PASS" signature="testInternetOfThingsPageClick()[pri:6, instance:com.atmecs.qa.testscripts.TestDigitalLifePage@3cbbc1e0]" name="testInternetOfThingsPageClick" duration-ms="11199" started-at="2019-08-06T10:45:03Z" finished-at="2019-08-06T10:45:14Z">
          <reporter-output>
          </reporter-output>
        </test-method> <!-- testInternetOfThingsPageClick -->
        <test-method status="PASS" signature="tearDown()[pri:0, instance:com.atmecs.qa.testscripts.TestDigitalLifePage@3cbbc1e0]" name="tearDown" is-config="true" duration-ms="1107" started-at="2019-08-06T10:45:14Z" finished-at="2019-08-06T10:45:15Z">
          <reporter-output>
          </reporter-output>
        </test-method> <!-- tearDown -->
      </class> <!-- com.atmecs.qa.testscripts.TestDigitalLifePage -->
    </test> <!-- test2 -->
    <test name="test3" duration-ms="31959" started-at="2019-08-06T05:15:15Z" finished-at="2019-08-06T05:15:47Z">
      <class name="com.atmecs.qa.testscripts.TestCloudServicesPage">
        <test-method status="PASS" signature="preSetup()[pri:0, instance:com.atmecs.qa.testscripts.TestCloudServicesPage@2c9f9fb0]" name="preSetup" is-config="true" duration-ms="16765" started-at="2019-08-06T10:45:15Z" finished-at="2019-08-06T10:45:32Z">
          <reporter-output>
          </reporter-output>
        </test-method> <!-- preSetup -->
        <test-method status="PASS" signature="testCloudServicesPageClick()[pri:0, instance:com.atmecs.qa.testscripts.TestCloudServicesPage@2c9f9fb0]" name="testCloudServicesPageClick" duration-ms="13773" started-at="2019-08-06T10:45:32Z" finished-at="2019-08-06T10:45:46Z">
          <reporter-output>
          </reporter-output>
        </test-method> <!-- testCloudServicesPageClick -->
        <test-method status="PASS" signature="tearDown()[pri:0, instance:com.atmecs.qa.testscripts.TestCloudServicesPage@2c9f9fb0]" name="tearDown" is-config="true" duration-ms="1419" started-at="2019-08-06T10:45:46Z" finished-at="2019-08-06T10:45:47Z">
          <reporter-output>
          </reporter-output>
        </test-method> <!-- tearDown -->
      </class> <!-- com.atmecs.qa.testscripts.TestCloudServicesPage -->
    </test> <!-- test3 -->
    <test name="test4" duration-ms="32272" started-at="2019-08-06T05:15:47Z" finished-at="2019-08-06T05:16:19Z">
      <class name="com.atmecs.qa.testscripts.TestEnterpriseAnalyticsPage">
        <test-method status="PASS" signature="preSetup()[pri:0, instance:com.atmecs.qa.testscripts.TestEnterpriseAnalyticsPage@3dd3bcd]" name="preSetup" is-config="true" duration-ms="17044" started-at="2019-08-06T10:45:47Z" finished-at="2019-08-06T10:46:04Z">
          <reporter-output>
          </reporter-output>
        </test-method> <!-- preSetup -->
        <test-method status="PASS" signature="testServicePageClick()[pri:0, instance:com.atmecs.qa.testscripts.TestEnterpriseAnalyticsPage@3dd3bcd]" name="testServicePageClick" duration-ms="13673" started-at="2019-08-06T10:46:04Z" finished-at="2019-08-06T10:46:18Z">
          <reporter-output>
          </reporter-output>
        </test-method> <!-- testServicePageClick -->
        <test-method status="PASS" signature="tearDown()[pri:0, instance:com.atmecs.qa.testscripts.TestEnterpriseAnalyticsPage@3dd3bcd]" name="tearDown" is-config="true" duration-ms="1552" started-at="2019-08-06T10:46:18Z" finished-at="2019-08-06T10:46:19Z">
          <reporter-output>
          </reporter-output>
        </test-method> <!-- tearDown -->
      </class> <!-- com.atmecs.qa.testscripts.TestEnterpriseAnalyticsPage -->
    </test> <!-- test4 -->
    <test name="test5" duration-ms="29494" started-at="2019-08-06T05:16:19Z" finished-at="2019-08-06T05:16:49Z">
      <class name="com.atmecs.qa.testscripts.TestMobileComputingPage">
        <test-method status="PASS" signature="preSetup()[pri:0, instance:com.atmecs.qa.testscripts.TestMobileComputingPage@337d0578]" name="preSetup" is-config="true" duration-ms="17274" started-at="2019-08-06T10:46:19Z" finished-at="2019-08-06T10:46:37Z">
          <reporter-output>
          </reporter-output>
        </test-method> <!-- preSetup -->
        <test-method status="PASS" signature="testServicePageClick()[pri:0, instance:com.atmecs.qa.testscripts.TestMobileComputingPage@337d0578]" name="testServicePageClick" duration-ms="10559" started-at="2019-08-06T10:46:37Z" finished-at="2019-08-06T10:46:47Z">
          <reporter-output>
          </reporter-output>
        </test-method> <!-- testServicePageClick -->
        <test-method status="PASS" signature="tearDown()[pri:0, instance:com.atmecs.qa.testscripts.TestMobileComputingPage@337d0578]" name="tearDown" is-config="true" duration-ms="1659" started-at="2019-08-06T10:46:47Z" finished-at="2019-08-06T10:46:49Z">
          <reporter-output>
          </reporter-output>
        </test-method> <!-- tearDown -->
      </class> <!-- com.atmecs.qa.testscripts.TestMobileComputingPage -->
    </test> <!-- test5 -->
    <test name="test6" duration-ms="29611" started-at="2019-08-06T05:16:49Z" finished-at="2019-08-06T05:17:19Z">
      <class name="com.atmecs.qa.testscripts.TestProductEngineeringPage">
        <test-method status="PASS" signature="preSetup()[pri:0, instance:com.atmecs.qa.testscripts.TestProductEngineeringPage@2344fc66]" name="preSetup" is-config="true" duration-ms="15478" started-at="2019-08-06T10:46:49Z" finished-at="2019-08-06T10:47:04Z">
          <reporter-output>
          </reporter-output>
        </test-method> <!-- preSetup -->
        <test-method status="PASS" signature="testServicePageClick()[pri:0, instance:com.atmecs.qa.testscripts.TestProductEngineeringPage@2344fc66]" name="testServicePageClick" duration-ms="12180" started-at="2019-08-06T10:47:04Z" finished-at="2019-08-06T10:47:17Z">
          <reporter-output>
          </reporter-output>
        </test-method> <!-- testServicePageClick -->
        <test-method status="PASS" signature="tearDown()[pri:0, instance:com.atmecs.qa.testscripts.TestProductEngineeringPage@2344fc66]" name="tearDown" is-config="true" duration-ms="1949" started-at="2019-08-06T10:47:17Z" finished-at="2019-08-06T10:47:19Z">
          <reporter-output>
          </reporter-output>
        </test-method> <!-- tearDown -->
      </class> <!-- com.atmecs.qa.testscripts.TestProductEngineeringPage -->
    </test> <!-- test6 -->
    <test name="test7" duration-ms="32622" started-at="2019-08-06T05:17:19Z" finished-at="2019-08-06T05:17:51Z">
      <class name="com.atmecs.qa.testscripts.TestQualityEngineeringPage">
        <test-method status="PASS" signature="preSetup()[pri:0, instance:com.atmecs.qa.testscripts.TestQualityEngineeringPage@1efbd816]" name="preSetup" is-config="true" duration-ms="16465" started-at="2019-08-06T10:47:19Z" finished-at="2019-08-06T10:47:35Z">
          <reporter-output>
          </reporter-output>
        </test-method> <!-- preSetup -->
        <test-method status="PASS" signature="testServicePageClick()[pri:0, instance:com.atmecs.qa.testscripts.TestQualityEngineeringPage@1efbd816]" name="testServicePageClick" duration-ms="14336" started-at="2019-08-06T10:47:35Z" finished-at="2019-08-06T10:47:49Z">
          <reporter-output>
          </reporter-output>
        </test-method> <!-- testServicePageClick -->
        <test-method status="PASS" signature="tearDown()[pri:0, instance:com.atmecs.qa.testscripts.TestQualityEngineeringPage@1efbd816]" name="tearDown" is-config="true" duration-ms="1815" started-at="2019-08-06T10:47:49Z" finished-at="2019-08-06T10:47:51Z">
          <reporter-output>
          </reporter-output>
        </test-method> <!-- tearDown -->
      </class> <!-- com.atmecs.qa.testscripts.TestQualityEngineeringPage -->
    </test> <!-- test7 -->
    <test name="test8" duration-ms="156817" started-at="2019-08-06T05:17:51Z" finished-at="2019-08-06T05:20:28Z">
      <class name="com.atmecs.qa.testscripts.TestInfrastructureServicesPage">
        <test-method status="PASS" signature="preSetup()[pri:0, instance:com.atmecs.qa.testscripts.TestInfrastructureServicesPage@548b7f67]" name="preSetup" is-config="true" duration-ms="14558" started-at="2019-08-06T10:47:51Z" finished-at="2019-08-06T10:48:06Z">
          <reporter-output>
          </reporter-output>
        </test-method> <!-- preSetup -->
        <test-method status="PASS" signature="testInfrastructureServicePageClick()[pri:1, instance:com.atmecs.qa.testscripts.TestInfrastructureServicesPage@548b7f67]" name="testInfrastructureServicePageClick" duration-ms="48845" started-at="2019-08-06T10:48:06Z" finished-at="2019-08-06T10:48:55Z">
          <reporter-output>
          </reporter-output>
        </test-method> <!-- testInfrastructureServicePageClick -->
        <test-method status="PASS" signature="testInfrastructureManagementPageClick()[pri:2, instance:com.atmecs.qa.testscripts.TestInfrastructureServicesPage@548b7f67]" name="testInfrastructureManagementPageClick" duration-ms="19750" started-at="2019-08-06T10:48:55Z" finished-at="2019-08-06T10:49:14Z">
          <reporter-output>
          </reporter-output>
        </test-method> <!-- testInfrastructureManagementPageClick -->
        <test-method status="PASS" signature="testCloudInfrastructurePageClick()[pri:3, instance:com.atmecs.qa.testscripts.TestInfrastructureServicesPage@548b7f67]" name="testCloudInfrastructurePageClick" duration-ms="20435" started-at="2019-08-06T10:49:14Z" finished-at="2019-08-06T10:49:35Z">
          <reporter-output>
          </reporter-output>
        </test-method> <!-- testCloudInfrastructurePageClick -->
        <test-method status="PASS" signature="testDevopsPageClick()[pri:4, instance:com.atmecs.qa.testscripts.TestInfrastructureServicesPage@548b7f67]" name="testDevopsPageClick" duration-ms="17974" started-at="2019-08-06T10:49:35Z" finished-at="2019-08-06T10:49:53Z">
          <reporter-output>
          </reporter-output>
        </test-method> <!-- testDevopsPageClick -->
        <test-method status="PASS" signature="testNOCServicesPageClick()[pri:5, instance:com.atmecs.qa.testscripts.TestInfrastructureServicesPage@548b7f67]" name="testNOCServicesPageClick" duration-ms="17762" started-at="2019-08-06T10:49:53Z" finished-at="2019-08-06T10:50:11Z">
          <reporter-output>
          </reporter-output>
        </test-method> <!-- testNOCServicesPageClick -->
        <test-method status="PASS" signature="testDataCenterManagementPageClick()[pri:6, instance:com.atmecs.qa.testscripts.TestInfrastructureServicesPage@548b7f67]" name="testDataCenterManagementPageClick" duration-ms="16197" started-at="2019-08-06T10:50:11Z" finished-at="2019-08-06T10:50:27Z">
          <reporter-output>
          </reporter-output>
        </test-method> <!-- testDataCenterManagementPageClick -->
        <test-method status="PASS" signature="tearDown()[pri:0, instance:com.atmecs.qa.testscripts.TestInfrastructureServicesPage@548b7f67]" name="tearDown" is-config="true" duration-ms="1281" started-at="2019-08-06T10:50:27Z" finished-at="2019-08-06T10:50:28Z">
          <reporter-output>
          </reporter-output>
        </test-method> <!-- tearDown -->
      </class> <!-- com.atmecs.qa.testscripts.TestInfrastructureServicesPage -->
    </test> <!-- test8 -->
  </suite> <!-- Suite -->
</testng-results>
