<?xml version="1.0" encoding="UTF-8"?>
<!-- Generated by org.testng.reporters.JUnitXMLReporter -->
<testsuite hostname="ATMECSINDT-076" name="test8" tests="6" failures="0" timestamp="6 Aug 2019 05:20:28 GMT" time="156.817" errors="0">
  <testcase name="testInfrastructureServicePageClick" time="48.845" classname="com.atmecs.qa.testscripts.TestInfrastructureServicesPage"/>
  <testcase name="testInfrastructureManagementPageClick" time="19.75" classname="com.atmecs.qa.testscripts.TestInfrastructureServicesPage"/>
  <testcase name="testCloudInfrastructurePageClick" time="20.435" classname="com.atmecs.qa.testscripts.TestInfrastructureServicesPage"/>
  <testcase name="testDevopsPageClick" time="17.974" classname="com.atmecs.qa.testscripts.TestInfrastructureServicesPage"/>
  <testcase name="testNOCServicesPageClick" time="17.762" classname="com.atmecs.qa.testscripts.TestInfrastructureServicesPage"/>
  <testcase name="testDataCenterManagementPageClick" time="16.197" classname="com.atmecs.qa.testscripts.TestInfrastructureServicesPage"/>
</testsuite> <!-- test8 -->
