<?xml version="1.0" encoding="UTF-8"?>
<!-- Generated by org.testng.reporters.JUnitXMLReporter -->
<testsuite hostname="ATMECSINDT-076" name="Default test" tests="6" failures="0" timestamp="6 Aug 2019 05:09:42 GMT" time="128.529" errors="0">
  <testcase name="testInfrastructureServicePageClick" time="37.148" classname="com.atmecs.qa.testscripts.TestInfrastructureServicesPage"/>
  <testcase name="testInfrastructureManagementPageClick" time="17.492" classname="com.atmecs.qa.testscripts.TestInfrastructureServicesPage"/>
  <testcase name="testCloudInfrastructurePageClick" time="19.373" classname="com.atmecs.qa.testscripts.TestInfrastructureServicesPage"/>
  <testcase name="testDevopsPageClick" time="11.124" classname="com.atmecs.qa.testscripts.TestInfrastructureServicesPage"/>
  <testcase name="testNOCServicesPageClick" time="11.809" classname="com.atmecs.qa.testscripts.TestInfrastructureServicesPage"/>
  <testcase name="testDataCenterManagementPageClick" time="16.303" classname="com.atmecs.qa.testscripts.TestInfrastructureServicesPage"/>
</testsuite> <!-- Default test -->
